# JRE version: OpenJDK Runtime Environment (8.0_112-b06) (build 1.8.0_112-release-b06)
# Java VM: OpenJDK 64-Bit Server VM (25.112-b06 mixed mode linux-amd64 compressed oops)
Heap:
 PSYoungGen      total 176128K, used 110022K [0x00000000e0000000, 0x00000000edf80000, 0x0000000100000000)
  eden space 150016K, 55% used [0x00000000e0000000,0x00000000e5204930,0x00000000e9280000)
  from space 26112K, 99% used [0x00000000e9800000,0x00000000eb16cfb8,0x00000000eb180000)
  to   space 39424K, 0% used [0x00000000eb900000,0x00000000eb900000,0x00000000edf80000)
 ParOldGen       total 102400K, used 47176K [0x00000000a0000000, 0x00000000a6400000, 0x00000000e0000000)
  object space 102400K, 46% used [0x00000000a0000000,0x00000000a2e12248,0x00000000a6400000)
 Metaspace       used 70621K, capacity 77700K, committed 77824K, reserved 1116160K
  class space    used 9323K, capacity 10631K, committed 10752K, reserved 1048576K
GC Heap History (10 events):
Event: 1317,428 GC heap before
{Heap before GC invocations=22 (full 3):
 PSYoungGen      total 205312K, used 204884K [0x00000000e0000000, 0x00000000eee80000, 0x0000000100000000)
  eden space 181760K, 100% used [0x00000000e0000000,0x00000000eb180000,0x00000000eb180000)
  from space 23552K, 98% used [0x00000000ed780000,0x00000000eee151d8,0x00000000eee80000)
  to   space 30720K, 0% used [0x00000000eb280000,0x00000000eb280000,0x00000000ed080000)
 ParOldGen       total 102400K, used 47136K [0x00000000a0000000, 0x00000000a6400000, 0x00000000e0000000)
  object space 102400K, 46% used [0x00000000a0000000,0x00000000a2e08248,0x00000000a6400000)
 Metaspace       used 67532K, capacity 72246K, committed 72576K, reserved 1112064K
  class space    used 8855K, capacity 9764K, committed 9856K, reserved 1048576K
Event: 1317,473 GC heap after
Heap after GC invocations=22 (full 3):
 PSYoungGen      total 197632K, used 22981K [0x00000000e0000000, 0x00000000ee980000, 0x0000000100000000)
  eden space 174592K, 0% used [0x00000000e0000000,0x00000000e0000000,0x00000000eaa80000)
  from space 23040K, 99% used [0x00000000eb280000,0x00000000ec8f1608,0x00000000ec900000)
  to   space 32256K, 0% used [0x00000000eca00000,0x00000000eca00000,0x00000000ee980000)
 ParOldGen       total 102400K, used 47144K [0x00000000a0000000, 0x00000000a6400000, 0x00000000e0000000)
  object space 102400K, 46% used [0x00000000a0000000,0x00000000a2e0a248,0x00000000a6400000)
 Metaspace       used 67532K, capacity 72246K, committed 72576K, reserved 1112064K
  class space    used 8855K, capacity 9764K, committed 9856K, reserved 1048576K
}
Event: 1342,522 GC heap before
{Heap before GC invocations=23 (full 3):
 PSYoungGen      total 197632K, used 197573K [0x00000000e0000000, 0x00000000ee980000, 0x0000000100000000)
  eden space 174592K, 100% used [0x00000000e0000000,0x00000000eaa80000,0x00000000eaa80000)
  from space 23040K, 99% used [0x00000000eb280000,0x00000000ec8f1608,0x00000000ec900000)
  to   space 32256K, 0% used [0x00000000eca00000,0x00000000eca00000,0x00000000ee980000)
 ParOldGen       total 102400K, used 47144K [0x00000000a0000000, 0x00000000a6400000, 0x00000000e0000000)
  object space 102400K, 46% used [0x00000000a0000000,0x00000000a2e0a248,0x00000000a6400000)
 Metaspace       used 68071K, capacity 73180K, committed 73216K, reserved 1112064K
  class space    used 8924K, capacity 9951K, committed 9984K, reserved 1048576K
Event: 1342,570 GC heap after
Heap after GC invocations=23 (full 3):
 PSYoungGen      total 196608K, used 23557K [0x00000000e0000000, 0x00000000ee600000, 0x0000000100000000)
  eden space 167936K, 0% used [0x00000000e0000000,0x00000000e0000000,0x00000000ea400000)
  from space 28672K, 82% used [0x00000000eca00000,0x00000000ee101628,0x00000000ee600000)
  to   space 33792K, 0% used [0x00000000ea400000,0x00000000ea400000,0x00000000ec500000)
 ParOldGen       total 102400K, used 47152K [0x00000000a0000000, 0x00000000a6400000, 0x00000000e0000000)
  object space 102400K, 46% used [0x00000000a0000000,0x00000000a2e0c248,0x00000000a6400000)
 Metaspace       used 68071K, capacity 73180K, committed 73216K, reserved 1112064K
  class space    used 8924K, capacity 9951K, committed 9984K, reserved 1048576K
}
Event: 1368,908 GC heap before
{Heap before GC invocations=24 (full 3):
 PSYoungGen      total 196608K, used 191493K [0x00000000e0000000, 0x00000000ee600000, 0x0000000100000000)
  eden space 167936K, 100% used [0x00000000e0000000,0x00000000ea400000,0x00000000ea400000)
  from space 28672K, 82% used [0x00000000eca00000,0x00000000ee101628,0x00000000ee600000)
  to   space 33792K, 0% used [0x00000000ea400000,0x00000000ea400000,0x00000000ec500000)
 ParOldGen       total 102400K, used 47152K [0x00000000a0000000, 0x00000000a6400000, 0x00000000e0000000)
  object space 102400K, 46% used [0x00000000a0000000,0x00000000a2e0c248,0x00000000a6400000)
 Metaspace       used 68560K, capacity 74120K, committed 74368K, reserved 1114112K
  class space    used 8983K, capacity 10071K, committed 10112K, reserved 1048576K
Event: 1368,939 GC heap after
Heap after GC invocations=24 (full 3):
 PSYoungGen      total 185856K, used 23827K [0x00000000e0000000, 0x00000000ee300000, 0x0000000100000000)
  eden space 161792K, 0% used [0x00000000e0000000,0x00000000e0000000,0x00000000e9e00000)
  from space 24064K, 99% used [0x00000000ea400000,0x00000000ebb44d78,0x00000000ebb80000)
  to   space 35328K, 0% used [0x00000000ec080000,0x00000000ec080000,0x00000000ee300000)
 ParOldGen       total 102400K, used 47160K [0x00000000a0000000, 0x00000000a6400000, 0x00000000e0000000)
  object space 102400K, 46% used [0x00000000a0000000,0x00000000a2e0e248,0x00000000a6400000)
 Metaspace       used 68560K, capacity 74120K, committed 74368K, reserved 1114112K
  class space    used 8983K, capacity 10071K, committed 10112K, reserved 1048576K
}
Event: 1418,603 GC heap before
{Heap before GC invocations=25 (full 3):
 PSYoungGen      total 185856K, used 185619K [0x00000000e0000000, 0x00000000ee300000, 0x0000000100000000)
  eden space 161792K, 100% used [0x00000000e0000000,0x00000000e9e00000,0x00000000e9e00000)
  from space 24064K, 99% used [0x00000000ea400000,0x00000000ebb44d78,0x00000000ebb80000)
  to   space 35328K, 0% used [0x00000000ec080000,0x00000000ec080000,0x00000000ee300000)
 ParOldGen       total 102400K, used 47160K [0x00000000a0000000, 0x00000000a6400000, 0x00000000e0000000)
  object space 102400K, 46% used [0x00000000a0000000,0x00000000a2e0e248,0x00000000a6400000)
 Metaspace       used 69552K, capacity 76380K, committed 76544K, reserved 1116160K
  class space    used 9169K, capacity 10479K, committed 10496K, reserved 1048576K
Event: 1418,660 GC heap after
Heap after GC invocations=25 (full 3):
 PSYoungGen      total 189952K, used 29206K [0x00000000e0000000, 0x00000000ee200000, 0x0000000100000000)
  eden space 155648K, 0% used [0x00000000e0000000,0x00000000e0000000,0x00000000e9800000)
  from space 34304K, 85% used [0x00000000ec080000,0x00000000edd05878,0x00000000ee200000)
  to   space 37888K, 0% used [0x00000000e9800000,0x00000000e9800000,0x00000000ebd00000)
 ParOldGen       total 102400K, used 47168K [0x00000000a0000000, 0x00000000a6400000, 0x00000000e0000000)
  object space 102400K, 46% used [0x00000000a0000000,0x00000000a2e10248,0x00000000a6400000)
 Metaspace       used 69552K, capacity 76380K, committed 76544K, reserved 1116160K
  class space    used 9169K, capacity 10479K, committed 10496K, reserved 1048576K
}
Event: 3691,225 GC heap before
{Heap before GC invocations=26 (full 3):
 PSYoungGen      total 189952K, used 184854K [0x00000000e0000000, 0x00000000ee200000, 0x0000000100000000)
  eden space 155648K, 100% used [0x00000000e0000000,0x00000000e9800000,0x00000000e9800000)
  from space 34304K, 85% used [0x00000000ec080000,0x00000000edd05878,0x00000000ee200000)
  to   space 37888K, 0% used [0x00000000e9800000,0x00000000e9800000,0x00000000ebd00000)
 ParOldGen       total 102400K, used 47168K [0x00000000a0000000, 0x00000000a6400000, 0x00000000e0000000)
  object space 102400K, 46% used [0x00000000a0000000,0x00000000a2e10248,0x00000000a6400000)
 Metaspace       used 69760K, capacity 76702K, committed 76928K, reserved 1116160K
  class space    used 9187K, capacity 10498K, committed 10624K, reserved 1048576K
Event: 3691,268 GC heap after
Heap after GC invocations=26 (full 3):
 PSYoungGen      total 176128K, used 26035K [0x00000000e0000000, 0x00000000edf80000, 0x0000000100000000)
  eden space 150016K, 0% used [0x00000000e0000000,0x00000000e0000000,0x00000000e9280000)
  from space 26112K, 99% used [0x00000000e9800000,0x00000000eb16cfb8,0x00000000eb180000)
  to   space 39424K, 0% used [0x00000000eb900000,0x00000000eb900000,0x00000000edf80000)
 ParOldGen       total 102400K, used 47176K [0x00000000a0000000, 0x00000000a6400000, 0x00000000e0000000)
  object space 102400K, 46% used [0x00000000a0000000,0x00000000a2e12248,0x00000000a6400000)
 Metaspace       used 69760K, capacity 76702K, committed 76928K, reserved 1116160K
  class space    used 9187K, capacity 10498K, committed 10624K, reserved 1048576K
}

